<?xml version="1.0" encoding="UTF-8"?>
<testsuite xmlns:xsi="http://www.w3.org/2001/XMLSchema-instance" xsi:noNamespaceSchemaLocation="https://maven.apache.org/surefire/maven-surefire-plugin/xsd/surefire-test-report.xsd" name="org.example.AppTest" time="0.027" tests="1" errors="0" skipped="0" failures="0">
  <properties>
    <property name="java.specification.version" value="17"/>
    <property name="sun.cpu.isalist" value="amd64"/>
    <property name="sun.jnu.encoding" value="GBK"/>
    <property name="java.class.path" value="E:\idea_workspace\burpext_dirsearch\target\test-classes;E:\idea_workspace\burpext_dirsearch\target\classes;C:\Users\jeff chao\.m2\repository\junit\junit\4.11\junit-4.11.jar;C:\Users\jeff chao\.m2\repository\org\hamcrest\hamcrest-core\1.3\hamcrest-core-1.3.jar;C:\Users\jeff chao\.m2\repository\net\portswigger\burp\extensions\montoya-api\2023.12.1\montoya-api-2023.12.1.jar;"/>
    <property name="java.vm.vendor" value="Amazon.com Inc."/>
    <property name="sun.arch.data.model" value="64"/>
    <property name="user.variant" value=""/>
    <property name="java.vendor.url" value="https://aws.amazon.com/corretto/"/>
    <property name="user.timezone" value="Asia/Shanghai"/>
    <property name="os.name" value="Windows 10"/>
    <property name="java.vm.specification.version" value="17"/>
    <property name="sun.java.launcher" value="SUN_STANDARD"/>
    <property name="user.country" value="CN"/>
    <property name="sun.boot.library.path" value="C:\Users\jeff chao\.jdks\corretto-17.0.10\bin"/>
    <property name="sun.java.command" value="C:\Users\JEFFCH~1\AppData\Local\Temp\surefire7279776508617488485\surefirebooter12483314609584081690.jar C:\Users\jeff chao\AppData\Local\Temp\surefire7279776508617488485 2024-01-23T15-49-31_721-jvmRun1 surefire12310352069978858126tmp surefire_08044922799118873055tmp"/>
    <property name="jdk.debug" value="release"/>
    <property name="surefire.test.class.path" value="E:\idea_workspace\burpext_dirsearch\target\test-classes;E:\idea_workspace\burpext_dirsearch\target\classes;C:\Users\jeff chao\.m2\repository\junit\junit\4.11\junit-4.11.jar;C:\Users\jeff chao\.m2\repository\org\hamcrest\hamcrest-core\1.3\hamcrest-core-1.3.jar;C:\Users\jeff chao\.m2\repository\net\portswigger\burp\extensions\montoya-api\2023.12.1\montoya-api-2023.12.1.jar;"/>
    <property name="sun.cpu.endian" value="little"/>
    <property name="user.home" value="C:\Users\jeff chao"/>
    <property name="user.language" value="zh"/>
    <property name="java.specification.vendor" value="Oracle Corporation"/>
    <property name="java.version.date" value="2024-01-16"/>
    <property name="java.home" value="C:\Users\jeff chao\.jdks\corretto-17.0.10"/>
    <property name="file.separator" value="\"/>
    <property name="basedir" value="E:\idea_workspace\burpext_dirsearch"/>
    <property name="java.vm.compressedOopsMode" value="Zero based"/>
    <property name="line.separator" value="&#10;"/>
    <property name="java.vm.specification.vendor" value="Oracle Corporation"/>
    <property name="java.specification.name" value="Java Platform API Specification"/>
    <property name="surefire.real.class.path" value="C:\Users\JEFFCH~1\AppData\Local\Temp\surefire7279776508617488485\surefirebooter12483314609584081690.jar"/>
    <property name="user.script" value=""/>
    <property name="sun.management.compiler" value="HotSpot 64-Bit Tiered Compilers"/>
    <property name="java.runtime.version" value="17.0.10+7-LTS"/>
    <property name="user.name" value="jeff chao"/>
    <property name="path.separator" value=";"/>
    <property name="os.version" value="10.0"/>
    <property name="java.runtime.name" value="OpenJDK Runtime Environment"/>
    <property name="file.encoding" value="GBK"/>
    <property name="java.vm.name" value="OpenJDK 64-Bit Server VM"/>
    <property name="java.vendor.version" value="Corretto-17.0.10.7.1"/>
    <property name="localRepository" value="C:\Users\jeff chao\.m2\repository"/>
    <property name="java.vendor.url.bug" value="https://github.com/corretto/corretto-17/issues/"/>
    <property name="java.io.tmpdir" value="C:\Users\JEFFCH~1\AppData\Local\Temp\"/>
    <property name="idea.version" value="2022.1.2"/>
    <property name="java.version" value="17.0.10"/>
    <property name="user.dir" value="E:\idea_workspace\burpext_dirsearch"/>
    <property name="os.arch" value="amd64"/>
    <property name="java.vm.specification.name" value="Java Virtual Machine Specification"/>
    <property name="sun.os.patch.level" value=""/>
    <property name="native.encoding" value="GBK"/>
    <property name="java.library.path" value="C:\Users\jeff chao\.jdks\corretto-17.0.10\bin;C:\WINDOWS\Sun\Java\bin;C:\WINDOWS\system32;C:\WINDOWS;D:\Program Files\Fortify\Fortify_SCA_and_Apps_20.1.1\bin;C:\Program Files\NVIDIA GPU Computing Toolkit\CUDA\v11.7\bin;C:\Program Files\NVIDIA GPU Computing Toolkit\CUDA\v11.7\libnvvp;C:\WINDOWS\system32;C:\WINDOWS;C:\WINDOWS\System32\Wbem;C:\WINDOWS\System32\WindowsPowerShell\v1.0\;C:\WINDOWS\System32\OpenSSH\;C:\Program Files\Bandizip\;D:\Program Files\Microsoft VS Code\bin;C:\Program Files\Git\cmd;C:\TDM-GCC-64\bin;C:\ProgramData\chocolatey\bin;C:\Program Files\Microsoft Network Monitor 3\;C:\Program Files\NVIDIA Corporation\Nsight Compute 2022.2.0\;C:\Program Files (x86)\NVIDIA Corporation\PhysX\Common;C:\Program Files\NVIDIA Corporation\NVIDIA NvDLISR;C:\Program Files\Java\jdk-11.0.15.1\bin;E:\security\tools\executable;C:\Snort\bin;C:\Program Files\OpenSSL-Win64\bin;D:\Program Files (x86)\AOMEI\AOMEI Backupper\6.9.1;C:\Program Files\dotnet\;C:\Program Files\nodejs\;D:\Program Files\Wireshark;D:\phpstudy_pro\Extensions\php\php5.5.9nts\;D:\Program Files\apache-maven-3.6\bin;D:\ProgramData\Anaconda3\Library\bin;C:\Users\jeff chao\AppData\Local\Microsoft\WindowsApps;C:\mingw64\bin;C:\TDM-GCC-64\bin;C:\Program Files (x86)\Tencent\QQGameTempest\Hall.57768\;C:\Program Files\NVIDIA GPU Computing Toolkit\CUDA\v11.7\lib\x64;D:\ProgramData\Anaconda3\Scripts;C:\Users\jeff chao\AppData\Roaming\npm;."/>
    <property name="java.vm.info" value="mixed mode, sharing"/>
    <property name="java.vendor" value="Amazon.com Inc."/>
    <property name="java.vm.version" value="17.0.10+7-LTS"/>
    <property name="sun.io.unicode.encoding" value="UnicodeLittle"/>
    <property name="java.class.version" value="61.0"/>
  </properties>
  <testcase name="shouldAnswerWithTrue" classname="org.example.AppTest" time="0.001"/>
</testsuite>